E:\PROJECTS\GITHUB\EXT2\DEBUG\EXT2.EXE
E:\PROJECTS\GITHUB\EXT2\DEBUG\EXT2.ILK
E:\PROJECTS\GITHUB\EXT2\DEBUG\EXT2.PDB
E:\Projects\GitHub\Ext2\Ext2\Debug\cl.command.1.tlog
E:\Projects\GitHub\Ext2\Ext2\Debug\CL.read.1.tlog
E:\Projects\GitHub\Ext2\Ext2\Debug\CL.write.1.tlog
E:\PROJECTS\GITHUB\EXT2\EXT2\DEBUG\EXT2.EXE.EMBED.MANIFEST
E:\PROJECTS\GITHUB\EXT2\EXT2\DEBUG\EXT2.EXE.EMBED.MANIFEST.RES
E:\PROJECTS\GITHUB\EXT2\EXT2\DEBUG\EXT2.EXE.INTERMEDIATE.MANIFEST
E:\Projects\GitHub\Ext2\Ext2\Debug\Ext2_manifest.rc
E:\Projects\GitHub\Ext2\Ext2\Debug\link.2124.read.1.tlog
E:\Projects\GitHub\Ext2\Ext2\Debug\link.2124.write.1.tlog
E:\Projects\GitHub\Ext2\Ext2\Debug\link.2124-cvtres.read.1.tlog
E:\Projects\GitHub\Ext2\Ext2\Debug\link.2124-cvtres.write.1.tlog
E:\Projects\GitHub\Ext2\Ext2\Debug\link.3428.read.1.tlog
E:\Projects\GitHub\Ext2\Ext2\Debug\link.3428.write.1.tlog
E:\Projects\GitHub\Ext2\Ext2\Debug\link.3428-cvtres.read.1.tlog
E:\Projects\GitHub\Ext2\Ext2\Debug\link.3428-cvtres.write.1.tlog
E:\Projects\GitHub\Ext2\Ext2\Debug\link.command.1.tlog
E:\Projects\GitHub\Ext2\Ext2\Debug\link.read.1.tlog
E:\Projects\GitHub\Ext2\Ext2\Debug\link.write.1.tlog
E:\Projects\GitHub\Ext2\Ext2\Debug\link-cvtres.read.1.tlog
E:\Projects\GitHub\Ext2\Ext2\Debug\link-cvtres.write.1.tlog
E:\Projects\GitHub\Ext2\Ext2\Debug\mt.command.1.tlog
E:\Projects\GitHub\Ext2\Ext2\Debug\mt.read.1.tlog
E:\Projects\GitHub\Ext2\Ext2\Debug\mt.write.1.tlog
E:\Projects\GitHub\Ext2\Ext2\Debug\rc.command.1.tlog
E:\Projects\GitHub\Ext2\Ext2\Debug\rc.read.1.tlog
E:\Projects\GitHub\Ext2\Ext2\Debug\rc.write.1.tlog
E:\Projects\GitHub\Ext2\Ext2\Debug\vc100.idb
E:\PROJECTS\GITHUB\EXT2\EXT2\DEBUG\VC100.PDB
