Построение начато 04.04.2013 0:41:02.
     1>Проект "E:\Projects\GitHub\Ext2\Ext2\Ext2.vcxproj" в узле 2 (целевые объекты build).
     1>PrepareForBuild:
         Создание каталога "E:\Projects\GitHub\Ext2\Debug\".
       InitializeBuildStatus:
         Создание "Debug\Ext2.unsuccessfulbuild", так как было задано "AlwaysCreate".
       ClCompile:
         C:\Program Files\Microsoft Visual Studio 10.0\VC\bin\CL.exe /c /ZI /nologo /W3 /WX- /Od /Oy- /D WIN32 /D _DEBUG /D _CONSOLE /D _UNICODE /D UNICODE /Gm /EHsc /RTC1 /MDd /GS /fp:precise /Zc:wchar_t /Zc:forScope /Fo"Debug\\" /Fd"Debug\vc100.pdb" /Gd /TP /analyze- /errorReport:prompt main.cpp
         main.cpp
       ManifestResourceCompile:
         C:\Program Files\Microsoft SDKs\Windows\v7.0A\bin\rc.exe /nologo /fo"Debug\Ext2.exe.embed.manifest.res" Debug\Ext2_manifest.rc 
       Link:
         C:\Program Files\Microsoft Visual Studio 10.0\VC\bin\link.exe /ERRORREPORT:PROMPT /OUT:"E:\Projects\GitHub\Ext2\Debug\Ext2.exe" /INCREMENTAL /NOLOGO kernel32.lib user32.lib gdi32.lib winspool.lib comdlg32.lib advapi32.lib shell32.lib ole32.lib oleaut32.lib uuid.lib odbc32.lib odbccp32.lib /MANIFEST /ManifestFile:"Debug\Ext2.exe.intermediate.manifest" /MANIFESTUAC:"level='asInvoker' uiAccess='false'" /DEBUG /PDB:"E:\Projects\GitHub\Ext2\Debug\Ext2.pdb" /SUBSYSTEM:CONSOLE /TLBID:1 /DYNAMICBASE /NXCOMPAT /IMPLIB:"E:\Projects\GitHub\Ext2\Debug\Ext2.lib" /MACHINE:X86 Debug\Ext2.exe.embed.manifest.res
         Debug\main.obj
       Manifest:
         C:\Program Files\Microsoft SDKs\Windows\v7.0A\bin\mt.exe /nologo /verbose /out:"Debug\Ext2.exe.embed.manifest" /manifest Debug\Ext2.exe.intermediate.manifest
         C:\Program Files\Microsoft SDKs\Windows\v7.0A\bin\rc.exe /nologo /fo"Debug\Ext2.exe.embed.manifest.res" Debug\Ext2_manifest.rc 
       LinkEmbedManifest:
         C:\Program Files\Microsoft Visual Studio 10.0\VC\bin\link.exe /ERRORREPORT:PROMPT /OUT:"E:\Projects\GitHub\Ext2\Debug\Ext2.exe" /INCREMENTAL /NOLOGO kernel32.lib user32.lib gdi32.lib winspool.lib comdlg32.lib advapi32.lib shell32.lib ole32.lib oleaut32.lib uuid.lib odbc32.lib odbccp32.lib /MANIFEST /ManifestFile:"Debug\Ext2.exe.intermediate.manifest" /MANIFESTUAC:"level='asInvoker' uiAccess='false'" /DEBUG /PDB:"E:\Projects\GitHub\Ext2\Debug\Ext2.pdb" /SUBSYSTEM:CONSOLE /TLBID:1 /DYNAMICBASE /NXCOMPAT /IMPLIB:"E:\Projects\GitHub\Ext2\Debug\Ext2.lib" /MACHINE:X86 Debug\Ext2.exe.embed.manifest.res
         Debug\main.obj
         Ext2.vcxproj -> E:\Projects\GitHub\Ext2\Debug\Ext2.exe
       FinalizeBuildStatus:
         Файл "Debug\Ext2.unsuccessfulbuild" удаляется.
         Обращение к "Debug\Ext2.lastbuildstate".
     1>Построение проекта "E:\Projects\GitHub\Ext2\Ext2\Ext2.vcxproj" завершено (целевые объекты build).

Построение успешно завершено.

Затраченное время: 00:00:02.20
